<?xml version="1.0" encoding="UTF-8"?>
<!-- Generated by org.testng.reporters.JUnitReportReporter -->
<testsuite hostname="DESKTOP-UTTK768" failures="0" tests="1" name="Hometest.HomeTest" time="14.928" errors="0" timestamp="2023-06-07T00:20:15 IST" skipped="0">
  <testcase classname="Hometest.HomeTest" name="test" time="14.928"/>
  <system-out/>
</testsuite> <!-- Hometest.HomeTest -->
