<?xml version="1.0" encoding="UTF-8"?>
<!-- Generated by org.testng.reporters.JUnitReportReporter -->
<testsuite hostname="DESKTOP-UTTK768" failures="0" tests="1" name="Hometest.Complainttest" time="16.279" errors="0" timestamp="2023-05-24T22:05:46 IST" skipped="0">
  <testcase classname="Hometest.Complainttest" name="test" time="16.279"/>
  <system-out/>
</testsuite> <!-- Hometest.Complainttest -->
