<?xml version="1.0" encoding="UTF-8"?>
<!-- Generated by org.testng.reporters.JUnitReportReporter -->
<testsuite hostname="DESKTOP-UTTK768" failures="0" tests="1" name="Hometest.datepickertest" time="17.570" errors="0" timestamp="2023-06-07T00:19:35 IST" skipped="0">
  <testcase classname="Hometest.datepickertest" name="test" time="17.570"/>
  <system-out/>
</testsuite> <!-- Hometest.datepickertest -->
