<?xml version="1.0" encoding="UTF-8"?>
<!-- Generated by org.testng.reporters.JUnitReportReporter -->
<testsuite hostname="DESKTOP-UTTK768" failures="0" tests="1" name="Hometest.Alerttest" time="23.552" errors="0" timestamp="2023-06-07T00:18:17 IST" skipped="0">
  <testcase classname="Hometest.Alerttest" name="test" time="23.552"/>
  <system-out/>
</testsuite> <!-- Hometest.Alerttest -->
