<?xml version="1.0" encoding="UTF-8"?>
<!-- Generated by org.testng.reporters.JUnitReportReporter -->
<testsuite hostname="DESKTOP-UTTK768" failures="0" tests="1" name="Hometest.LoginTest" time="19.985" errors="0" timestamp="2023-06-07T00:21:41 IST" skipped="0">
  <testcase classname="Hometest.LoginTest" name="test" time="19.985"/>
  <system-out/>
</testsuite> <!-- Hometest.LoginTest -->
